INFO:database.connection:Database connection successful
INFO:database.connection:Database connection successful
INFO:database.connection:Database connection successful
INFO:database.connection:Database connection successful
INFO:database.connection:Database connection successful
INFO:database.connection:Database connection successful
INFO:database.connection:Database connection successful
INFO:database.connection:Database connection successful
INFO:database.connection:Database connection successful
INFO:database.connection:Database connection successful
INFO:database.connection:Database connection successful
INFO:database.connection:Database connection successful to postgres:5432
WARNING:auth.jwt_handler:JWT_SECRET not set in environment; using a temporary insecure fallback (not for production).
INFO:database.connection:Database connection successful to postgres:5432
WARNING:auth.jwt_handler:JWT_SECRET not set in environment; using a temporary insecure fallback (not for production).
INFO:database.connection:Database connection successful to postgres:5432
INFO:e_vote:Database initialized on startup
WARNING:auth.jwt_handler:JWT_SECRET not set in environment; using a temporary insecure fallback (not for production).
INFO:database.connection:Database connection successful to postgres:5432
INFO:e_vote:Database initialized on startup
WARNING:auth.jwt_handler:JWT_SECRET not set in environment; using a temporary insecure fallback (not for production).
INFO:database.connection:Database connection successful to postgres:5432
WARNING:auth.jwt_handler:JWT_SECRET not set in environment; using a temporary insecure fallback (not for production).
INFO:database.connection:Database connection successful to postgres:5432
WARNING:auth.jwt_handler:JWT_SECRET not set in environment; using a temporary insecure fallback (not for production).
INFO:database.connection:Database connection successful to postgres:5432
INFO:database.connection:Database connection successful to postgres:5432
INFO:database.connection:Database connection successful to postgres:5432
INFO:database.connection:Database connection successful to postgres:5432
WARNING:auth.jwt_handler:JWT_SECRET not set in environment; using a temporary insecure fallback (not for production).
INFO:database.connection:Database connection successful to postgres:5432
INFO:database.connection:Redis connection successful to redis:6379 db=0
ERROR:aiokafka:Unable connect to "kafka:9092": [Errno 111] Connection refused
WARNING:auth_service.main:Failed to start Kafka producer: KafkaConnectionError: Unable to bootstrap from [('kafka', 9092, <AddressFamily.AF_UNSPEC: 0>)]
INFO:auth_service.main:Kafka producer stopped
WARNING:auth.jwt_handler:JWT_SECRET not set in environment; using a temporary insecure fallback (not for production).
INFO:database.connection:Database connection successful to postgres:5432
INFO:database.connection:Redis connection successful to redis:6379 db=0
ERROR:aiokafka:Unable connect to "kafka:9092": [Errno 111] Connection refused
WARNING:auth_service.main:Failed to start Kafka producer: KafkaConnectionError: Unable to bootstrap from [('kafka', 9092, <AddressFamily.AF_UNSPEC: 0>)]
INFO:auth_service.main:Kafka producer stopped
WARNING:auth.jwt_handler:JWT_SECRET not set in environment; using a temporary insecure fallback (not for production).
INFO:database.connection:Database connection successful to postgres:5432
INFO:database.connection:Redis connection successful to redis:6379 db=0
ERROR:aiokafka:Unable connect to "kafka:9092": [Errno 111] Connection refused
WARNING:auth_service.main:Failed to start Kafka producer: KafkaConnectionError: Unable to bootstrap from [('kafka', 9092, <AddressFamily.AF_UNSPEC: 0>)]
INFO:auth_service.main:Kafka producer stopped
WARNING:auth.jwt_handler:JWT_SECRET not set in environment; using a temporary insecure fallback (not for production).
INFO:database.connection:Database connection successful to postgres:5432
INFO:database.connection:Redis connection successful to redis:6379 db=0
INFO:auth_service.main:Kafka producer started (bootstrap=kafka:9092)
INFO:auth_service.main:Kafka producer stopped
INFO:database.connection:Database connection successful to postgres:5432
INFO:database.connection:Redis connection successful to redis:6379 db=0
INFO:__main__:Connected to Postgres/Redis via DatabaseManager
INFO:__main__:Ensured events table exists
INFO:__main__:Ensured users table exists
INFO:aiokafka.consumer.subscription_state:Updating subscribed topics to: frozenset({'user.redis.ops', 'user.postgres.ops'})
INFO:database.connection:Database connection successful to postgres:5432
INFO:database.connection:Redis connection successful to redis:6379 db=0
WARNING:aiokafka.cluster:Topic user.redis.ops is not available during auto-create initialization
WARNING:aiokafka.cluster:Topic user.postgres.ops is not available during auto-create initialization
WARNING:aiokafka.cluster:Topic user.redis.ops is not available during auto-create initialization
WARNING:aiokafka.cluster:Topic user.postgres.ops is not available during auto-create initialization
WARNING:aiokafka.cluster:Topic user.postgres.ops is not available during auto-create initialization
WARNING:aiokafka.cluster:Topic user.postgres.ops is not available during auto-create initialization
INFO:aiokafka.consumer.group_coordinator:Discovered coordinator 1 for group db_ops_group
INFO:aiokafka.consumer.group_coordinator:Revoking previously assigned partitions set() for group db_ops_group
INFO:aiokafka.consumer.group_coordinator:(Re-)joining group db_ops_group
INFO:aiokafka.consumer.group_coordinator:Joined group 'db_ops_group' (generation 3) with member_id aiokafka-0.8.0-45e14616-31ac-4e91-9a0c-77fa365bff58
INFO:aiokafka.consumer.group_coordinator:Elected group leader -- performing partition assignments using roundrobin
INFO:aiokafka.consumer.group_coordinator:Successfully synced group db_ops_group with generation 3
INFO:aiokafka.consumer.group_coordinator:Setting newly assigned partitions {TopicPartition(topic='user.postgres.ops', partition=0), TopicPartition(topic='user.redis.ops', partition=0)} for group db_ops_group
INFO:__main__:Kafka consumer started (bootstrap=kafka:9092, topics=['user.postgres.ops', 'user.redis.ops'], group=db_ops_group)
